This file contains any messages produced by compilers while
running configure, to aid debugging if configure makes a mistake.

It was created by configure, which was
generated by GNU Autoconf 2.59.  Invocation command line was

  $ ./configure 

## --------- ##
## Platform. ##
## --------- ##

hostname = localhost.localdomain
uname -m = i686
uname -r = 2.6.18-1.2798.fc6
uname -s = Linux
uname -v = #1 SMP Mon Oct 16 14:37:32 EDT 2006

/usr/bin/uname -p = unknown
/bin/uname -X     = unknown

/bin/arch              = i686
/usr/bin/arch -k       = unknown
/usr/convex/getsysinfo = unknown
hostinfo               = unknown
/bin/machine           = unknown
/usr/bin/oslevel       = unknown
/bin/universe          = unknown

PATH: /usr/kerberos/bin
PATH: /usr/local/bin
PATH: /usr/bin
PATH: /bin
PATH: /usr/X11R6/bin
PATH: /home/sashank/bin


## ----------- ##
## Core tests. ##
## ----------- ##

configure:1356: checking for a BSD-compatible install
configure:1411: result: /usr/bin/install -c
configure:1422: checking whether build environment is sane
configure:1465: result: yes
configure:1530: checking for gawk
configure:1546: found /usr/bin/gawk
configure:1556: result: gawk
configure:1566: checking whether make sets $(MAKE)
configure:1586: result: yes
configure:1756: checking whether to enable maintainer-specific portions of Makefiles
configure:1765: result: no
configure:1793: checking for style of include used by make
configure:1821: result: GNU
configure:1892: checking for gcc
configure:1908: found /usr/bin/gcc
configure:1918: result: gcc
configure:2162: checking for C compiler version
configure:2165: gcc --version </dev/null >&5
gcc (GCC) 4.1.1 20061011 (Red Hat 4.1.1-30)
Copyright (C) 2006 Free Software Foundation, Inc.
This is free software; see the source for copying conditions.  There is NO
warranty; not even for MERCHANTABILITY or FITNESS FOR A PARTICULAR PURPOSE.

configure:2168: $? = 0
configure:2170: gcc -v </dev/null >&5
Using built-in specs.
Target: i386-redhat-linux
Configured with: ../configure --prefix=/usr --mandir=/usr/share/man --infodir=/usr/share/info --enable-shared --enable-threads=posix --enable-checking=release --with-system-zlib --enable-__cxa_atexit --disable-libunwind-exceptions --enable-libgcj-multifile --enable-languages=c,c++,objc,obj-c++,java,fortran,ada --enable-java-awt=gtk --disable-dssi --enable-plugin --with-java-home=/usr/lib/jvm/java-1.4.2-gcj-1.4.2.0/jre --with-cpu=generic --host=i386-redhat-linux
Thread model: posix
gcc version 4.1.1 20061011 (Red Hat 4.1.1-30)
configure:2173: $? = 0
configure:2175: gcc -V </dev/null >&5
gcc: '-V' option must have argument
configure:2178: $? = 1
configure:2201: checking for C compiler default output file name
configure:2204: gcc    conftest.c  >&5
configure:2207: $? = 0
configure:2253: result: a.out
configure:2258: checking whether the C compiler works
configure:2264: ./a.out
configure:2267: $? = 0
configure:2284: result: yes
configure:2291: checking whether we are cross compiling
configure:2293: result: no
configure:2296: checking for suffix of executables
configure:2298: gcc -o conftest    conftest.c  >&5
configure:2301: $? = 0
configure:2326: result: 
configure:2332: checking for suffix of object files
configure:2353: gcc -c   conftest.c >&5
configure:2356: $? = 0
configure:2378: result: o
configure:2382: checking whether we are using the GNU C compiler
configure:2406: gcc -c   conftest.c >&5
configure:2412: $? = 0
configure:2416: test -z 
			 || test ! -s conftest.err
configure:2419: $? = 0
configure:2422: test -s conftest.o
configure:2425: $? = 0
configure:2438: result: yes
configure:2444: checking whether gcc accepts -g
configure:2465: gcc -c -g  conftest.c >&5
configure:2471: $? = 0
configure:2475: test -z 
			 || test ! -s conftest.err
configure:2478: $? = 0
configure:2481: test -s conftest.o
configure:2484: $? = 0
configure:2495: result: yes
configure:2512: checking for gcc option to accept ANSI C
configure:2582: gcc  -c -g -O2  conftest.c >&5
configure:2588: $? = 0
configure:2592: test -z 
			 || test ! -s conftest.err
configure:2595: $? = 0
configure:2598: test -s conftest.o
configure:2601: $? = 0
configure:2619: result: none needed
configure:2637: gcc -c -g -O2  conftest.c >&5
conftest.c:2: error: expected '=', ',', ';', 'asm' or '__attribute__' before 'me'
configure:2643: $? = 1
configure: failed program was:
| #ifndef __cplusplus
|   choke me
| #endif
configure:2778: checking dependency style of gcc
configure:2868: result: gcc3
configure:2886: checking for library containing strerror
configure:2916: gcc -o conftest -g -O2   conftest.c  >&5
configure:2922: $? = 0
configure:2926: test -z 
			 || test ! -s conftest.err
configure:2929: $? = 0
configure:2932: test -s conftest
configure:2935: $? = 0
configure:3005: result: none required
configure:3058: checking for gcc
configure:3084: result: gcc
configure:3328: checking for C compiler version
configure:3331: gcc --version </dev/null >&5
gcc (GCC) 4.1.1 20061011 (Red Hat 4.1.1-30)
Copyright (C) 2006 Free Software Foundation, Inc.
This is free software; see the source for copying conditions.  There is NO
warranty; not even for MERCHANTABILITY or FITNESS FOR A PARTICULAR PURPOSE.

configure:3334: $? = 0
configure:3336: gcc -v </dev/null >&5
Using built-in specs.
Target: i386-redhat-linux
Configured with: ../configure --prefix=/usr --mandir=/usr/share/man --infodir=/usr/share/info --enable-shared --enable-threads=posix --enable-checking=release --with-system-zlib --enable-__cxa_atexit --disable-libunwind-exceptions --enable-libgcj-multifile --enable-languages=c,c++,objc,obj-c++,java,fortran,ada --enable-java-awt=gtk --disable-dssi --enable-plugin --with-java-home=/usr/lib/jvm/java-1.4.2-gcj-1.4.2.0/jre --with-cpu=generic --host=i386-redhat-linux
Thread model: posix
gcc version 4.1.1 20061011 (Red Hat 4.1.1-30)
configure:3339: $? = 0
configure:3341: gcc -V </dev/null >&5
gcc: '-V' option must have argument
configure:3344: $? = 1
configure:3347: checking whether we are using the GNU C compiler
configure:3403: result: yes
configure:3409: checking whether gcc accepts -g
configure:3460: result: yes
configure:3477: checking for gcc option to accept ANSI C
configure:3584: result: none needed
configure:3602: gcc -c -g -O2  conftest.c >&5
conftest.c:2: error: expected '=', ',', ';', 'asm' or '__attribute__' before 'me'
configure:3608: $? = 1
configure: failed program was:
| #ifndef __cplusplus
|   choke me
| #endif
configure:3743: checking dependency style of gcc
configure:3833: result: gcc3
configure:3896: checking for gcc
configure:3922: result: gcc
configure:4166: checking for C compiler version
configure:4169: gcc --version </dev/null >&5
gcc (GCC) 4.1.1 20061011 (Red Hat 4.1.1-30)
Copyright (C) 2006 Free Software Foundation, Inc.
This is free software; see the source for copying conditions.  There is NO
warranty; not even for MERCHANTABILITY or FITNESS FOR A PARTICULAR PURPOSE.

configure:4172: $? = 0
configure:4174: gcc -v </dev/null >&5
Using built-in specs.
Target: i386-redhat-linux
Configured with: ../configure --prefix=/usr --mandir=/usr/share/man --infodir=/usr/share/info --enable-shared --enable-threads=posix --enable-checking=release --with-system-zlib --enable-__cxa_atexit --disable-libunwind-exceptions --enable-libgcj-multifile --enable-languages=c,c++,objc,obj-c++,java,fortran,ada --enable-java-awt=gtk --disable-dssi --enable-plugin --with-java-home=/usr/lib/jvm/java-1.4.2-gcj-1.4.2.0/jre --with-cpu=generic --host=i386-redhat-linux
Thread model: posix
gcc version 4.1.1 20061011 (Red Hat 4.1.1-30)
configure:4177: $? = 0
configure:4179: gcc -V </dev/null >&5
gcc: '-V' option must have argument
configure:4182: $? = 1
configure:4185: checking whether we are using the GNU C compiler
configure:4241: result: yes
configure:4247: checking whether gcc accepts -g
configure:4298: result: yes
configure:4315: checking for gcc option to accept ANSI C
configure:4422: result: none needed
configure:4440: gcc -c -g -O2  conftest.c >&5
conftest.c:2: error: expected '=', ',', ';', 'asm' or '__attribute__' before 'me'
configure:4446: $? = 1
configure: failed program was:
| #ifndef __cplusplus
|   choke me
| #endif
configure:4581: checking dependency style of gcc
configure:4671: result: gcc3
configure:4696: checking how to run the C preprocessor
configure:4731: gcc -E  conftest.c
configure:4737: $? = 0
configure:4769: gcc -E  conftest.c
conftest.c:11:28: error: ac_nonexistent.h: No such file or directory
configure:4775: $? = 1
configure: failed program was:
| /* confdefs.h.  */
| 
| #define PACKAGE_NAME ""
| #define PACKAGE_TARNAME ""
| #define PACKAGE_VERSION ""
| #define PACKAGE_STRING ""
| #define PACKAGE_BUGREPORT ""
| #define PACKAGE "lingua-franca"
| #define VERSION "0.1"
| /* end confdefs.h.  */
| #include <ac_nonexistent.h>
configure:4814: result: gcc -E
configure:4838: gcc -E  conftest.c
configure:4844: $? = 0
configure:4876: gcc -E  conftest.c
conftest.c:11:28: error: ac_nonexistent.h: No such file or directory
configure:4882: $? = 1
configure: failed program was:
| /* confdefs.h.  */
| 
| #define PACKAGE_NAME ""
| #define PACKAGE_TARNAME ""
| #define PACKAGE_VERSION ""
| #define PACKAGE_STRING ""
| #define PACKAGE_BUGREPORT ""
| #define PACKAGE "lingua-franca"
| #define VERSION "0.1"
| /* end confdefs.h.  */
| #include <ac_nonexistent.h>
configure:4926: checking for egrep
configure:4936: result: grep -E
configure:4941: checking for ANSI C header files
configure:4966: gcc -c -g -O2  conftest.c >&5
configure:4972: $? = 0
configure:4976: test -z 
			 || test ! -s conftest.err
configure:4979: $? = 0
configure:4982: test -s conftest.o
configure:4985: $? = 0
configure:5074: gcc -o conftest -g -O2   conftest.c  >&5
conftest.c: In function 'main':
conftest.c:28: warning: incompatible implicit declaration of built-in function 'exit'
configure:5077: $? = 0
configure:5079: ./conftest
configure:5082: $? = 0
configure:5097: result: yes
configure:5157: checking for pkg-config
configure:5175: found /usr/bin/pkg-config
configure:5187: result: /usr/bin/pkg-config
configure:5202: checking pkg-config is at least version 0.9.0
configure:5205: result: yes
configure:5216: checking for PACKAGE
configure:5224: $PKG_CONFIG --exists --print-errors "$pkg_modules"
configure:5227: $? = 0
configure:5242: $PKG_CONFIG --exists --print-errors "$pkg_modules"
configure:5245: $? = 0
configure:5321: result: yes
configure:5351: checking for sys/types.h
configure:5367: gcc -c -g -O2  conftest.c >&5
configure:5373: $? = 0
configure:5377: test -z 
			 || test ! -s conftest.err
configure:5380: $? = 0
configure:5383: test -s conftest.o
configure:5386: $? = 0
configure:5397: result: yes
configure:5351: checking for sys/stat.h
configure:5367: gcc -c -g -O2  conftest.c >&5
configure:5373: $? = 0
configure:5377: test -z 
			 || test ! -s conftest.err
configure:5380: $? = 0
configure:5383: test -s conftest.o
configure:5386: $? = 0
configure:5397: result: yes
configure:5351: checking for stdlib.h
configure:5367: gcc -c -g -O2  conftest.c >&5
configure:5373: $? = 0
configure:5377: test -z 
			 || test ! -s conftest.err
configure:5380: $? = 0
configure:5383: test -s conftest.o
configure:5386: $? = 0
configure:5397: result: yes
configure:5351: checking for string.h
configure:5367: gcc -c -g -O2  conftest.c >&5
configure:5373: $? = 0
configure:5377: test -z 
			 || test ! -s conftest.err
configure:5380: $? = 0
configure:5383: test -s conftest.o
configure:5386: $? = 0
configure:5397: result: yes
configure:5351: checking for memory.h
configure:5367: gcc -c -g -O2  conftest.c >&5
configure:5373: $? = 0
configure:5377: test -z 
			 || test ! -s conftest.err
configure:5380: $? = 0
configure:5383: test -s conftest.o
configure:5386: $? = 0
configure:5397: result: yes
configure:5351: checking for strings.h
configure:5367: gcc -c -g -O2  conftest.c >&5
configure:5373: $? = 0
configure:5377: test -z 
			 || test ! -s conftest.err
configure:5380: $? = 0
configure:5383: test -s conftest.o
configure:5386: $? = 0
configure:5397: result: yes
configure:5351: checking for inttypes.h
configure:5367: gcc -c -g -O2  conftest.c >&5
configure:5373: $? = 0
configure:5377: test -z 
			 || test ! -s conftest.err
configure:5380: $? = 0
configure:5383: test -s conftest.o
configure:5386: $? = 0
configure:5397: result: yes
configure:5351: checking for stdint.h
configure:5367: gcc -c -g -O2  conftest.c >&5
configure:5373: $? = 0
configure:5377: test -z 
			 || test ! -s conftest.err
configure:5380: $? = 0
configure:5383: test -s conftest.o
configure:5386: $? = 0
configure:5397: result: yes
configure:5351: checking for unistd.h
configure:5367: gcc -c -g -O2  conftest.c >&5
configure:5373: $? = 0
configure:5377: test -z 
			 || test ! -s conftest.err
configure:5380: $? = 0
configure:5383: test -s conftest.o
configure:5386: $? = 0
configure:5397: result: yes
configure:5424: checking locale.h usability
configure:5436: gcc -c -g -O2  conftest.c >&5
configure:5442: $? = 0
configure:5446: test -z 
			 || test ! -s conftest.err
configure:5449: $? = 0
configure:5452: test -s conftest.o
configure:5455: $? = 0
configure:5465: result: yes
configure:5469: checking locale.h presence
configure:5479: gcc -E  conftest.c
configure:5485: $? = 0
configure:5505: result: yes
configure:5540: checking for locale.h
configure:5547: result: yes
configure:5561: checking for LC_MESSAGES
configure:5582: gcc -o conftest -g -O2   conftest.c  >&5
configure:5588: $? = 0
configure:5592: test -z 
			 || test ! -s conftest.err
configure:5595: $? = 0
configure:5598: test -s conftest
configure:5601: $? = 0
configure:5613: result: yes
configure:5642: checking libintl.h usability
configure:5654: gcc -c -g -O2  conftest.c >&5
configure:5660: $? = 0
configure:5664: test -z 
			 || test ! -s conftest.err
configure:5667: $? = 0
configure:5670: test -s conftest.o
configure:5673: $? = 0
configure:5683: result: yes
configure:5687: checking libintl.h presence
configure:5697: gcc -E  conftest.c
configure:5703: $? = 0
configure:5723: result: yes
configure:5758: checking for libintl.h
configure:5765: result: yes
configure:5776: checking for ngettext in libc
configure:5799: gcc -o conftest -g -O2   conftest.c  >&5
configure:5805: $? = 0
configure:5809: test -z 
			 || test ! -s conftest.err
configure:5812: $? = 0
configure:5815: test -s conftest
configure:5818: $? = 0
configure:5831: result: yes
configure:5835: checking for dgettext in libc
configure:5858: gcc -o conftest -g -O2   conftest.c  >&5
configure:5864: $? = 0
configure:5868: test -z 
			 || test ! -s conftest.err
configure:5871: $? = 0
configure:5874: test -s conftest
configure:5877: $? = 0
configure:5890: result: yes
configure:5899: checking for bind_textdomain_codeset
configure:5956: gcc -o conftest -g -O2   conftest.c  >&5
configure:5962: $? = 0
configure:5966: test -z 
			 || test ! -s conftest.err
configure:5969: $? = 0
configure:5972: test -s conftest
configure:5975: $? = 0
configure:5987: result: yes
configure:6497: checking for msgfmt
configure:6524: result: /usr/bin/msgfmt
configure:6537: checking for dcgettext
configure:6594: gcc -o conftest -g -O2   conftest.c   >&5
conftest.c:50: warning: conflicting types for built-in function 'dcgettext'
configure:6600: $? = 0
configure:6604: test -z 
			 || test ! -s conftest.err
configure:6607: $? = 0
configure:6610: test -s conftest
configure:6613: $? = 0
configure:6625: result: yes
configure:6637: checking for gmsgfmt
configure:6668: result: /usr/bin/msgfmt
configure:6677: checking for xgettext
configure:6704: result: /usr/bin/xgettext
configure:6728: gcc -o conftest -g -O2   conftest.c   >&5
configure:6734: $? = 0
configure:6738: test -z 
			 || test ! -s conftest.err
configure:6741: $? = 0
configure:6744: test -s conftest
configure:6747: $? = 0
configure:7109: creating ./config.status

## ---------------------- ##
## Running config.status. ##
## ---------------------- ##

This file was extended by config.status, which was
generated by GNU Autoconf 2.59.  Invocation command line was

  CONFIG_FILES    = 
  CONFIG_HEADERS  = 
  CONFIG_LINKS    = 
  CONFIG_COMMANDS = 
  $ ./config.status 

on localhost.localdomain

config.status:716: creating Makefile
config.status:716: creating src/core/Makefile
config.status:716: creating po/Makefile.in
config.status:820: creating config.h
config.status:940: config.h is unchanged
config.status:1120: executing depfiles commands
config.status:1120: executing default-1 commands

## ---------------- ##
## Cache variables. ##
## ---------------- ##

ac_cv_c_compiler_gnu=yes
ac_cv_env_CC_set=
ac_cv_env_CC_value=
ac_cv_env_CFLAGS_set=
ac_cv_env_CFLAGS_value=
ac_cv_env_CPPFLAGS_set=
ac_cv_env_CPPFLAGS_value=
ac_cv_env_CPP_set=
ac_cv_env_CPP_value=
ac_cv_env_LDFLAGS_set=
ac_cv_env_LDFLAGS_value=
ac_cv_env_PACKAGE_CFLAGS_set=
ac_cv_env_PACKAGE_CFLAGS_value=
ac_cv_env_PACKAGE_LIBS_set=
ac_cv_env_PACKAGE_LIBS_value=
ac_cv_env_PKG_CONFIG_set=
ac_cv_env_PKG_CONFIG_value=
ac_cv_env_build_alias_set=
ac_cv_env_build_alias_value=
ac_cv_env_host_alias_set=
ac_cv_env_host_alias_value=
ac_cv_env_target_alias_set=
ac_cv_env_target_alias_value=
ac_cv_exeext=
ac_cv_func_bind_textdomain_codeset=yes
ac_cv_func_dcgettext=yes
ac_cv_header_inttypes_h=yes
ac_cv_header_libintl_h=yes
ac_cv_header_locale_h=yes
ac_cv_header_memory_h=yes
ac_cv_header_stdc=yes
ac_cv_header_stdint_h=yes
ac_cv_header_stdlib_h=yes
ac_cv_header_string_h=yes
ac_cv_header_strings_h=yes
ac_cv_header_sys_stat_h=yes
ac_cv_header_sys_types_h=yes
ac_cv_header_unistd_h=yes
ac_cv_objext=o
ac_cv_path_GMSGFMT=/usr/bin/msgfmt
ac_cv_path_MSGFMT=/usr/bin/msgfmt
ac_cv_path_XGETTEXT=/usr/bin/xgettext
ac_cv_path_ac_pt_PKG_CONFIG=/usr/bin/pkg-config
ac_cv_path_install='/usr/bin/install -c'
ac_cv_prog_AWK=gawk
ac_cv_prog_CPP='gcc -E'
ac_cv_prog_ac_ct_CC=gcc
ac_cv_prog_cc_g=yes
ac_cv_prog_cc_stdc=
ac_cv_prog_egrep='grep -E'
ac_cv_prog_make_make_set=yes
ac_cv_search_strerror='none required'
am_cv_CC_dependencies_compiler_type=gcc3
am_cv_prog_cc_stdc=
am_cv_val_LC_MESSAGES=yes
gt_cv_func_dgettext_libc=yes
gt_cv_func_dgettext_libintl=no
gt_cv_func_ngettext_libc=yes
gt_cv_have_gettext=yes
pkg_cv_PACKAGE_CFLAGS='-I/usr/include/gtk-2.0 -I/usr/lib/gtk-2.0/include -I/usr/include/atk-1.0 -I/usr/include/cairo -I/usr/include/pango-1.0 -I/usr/include/glib-2.0 -I/usr/lib/glib-2.0/include -I/usr/include/freetype2 -I/usr/include/libpng12  '
pkg_cv_PACKAGE_LIBS='-L/lib -lgtk-x11-2.0 -lgdk-x11-2.0 -latk-1.0 -lgdk_pixbuf-2.0 -lm -lpangocairo-1.0 -lpango-1.0 -lcairo -lgobject-2.0 -lgmodule-2.0 -ldl -lglib-2.0  '

## ----------------- ##
## Output variables. ##
## ----------------- ##

ACLOCAL='${SHELL} /home/sashank/workplace/lingua-franca/missing --run aclocal-1.9'
AMDEPBACKSLASH='\'
AMDEP_FALSE='#'
AMDEP_TRUE=''
AMTAR='${SHELL} /home/sashank/workplace/lingua-franca/missing --run tar'
AUTOCONF='${SHELL} /home/sashank/workplace/lingua-franca/missing --run autoconf'
AUTOHEADER='${SHELL} /home/sashank/workplace/lingua-franca/missing --run autoheader'
AUTOMAKE='${SHELL} /home/sashank/workplace/lingua-franca/missing --run automake-1.9'
AWK='gawk'
CATALOGS=''
CATOBJEXT='.gmo'
CC='gcc'
CCDEPMODE='depmode=gcc3'
CFLAGS='-g -O2'
CPP='gcc -E'
CPPFLAGS=''
CYGPATH_W='echo'
DATADIRNAME='share'
DEFS='-DHAVE_CONFIG_H'
DEPDIR='.deps'
ECHO_C=''
ECHO_N='-n'
ECHO_T=''
EGREP='grep -E'
EXEEXT=''
GETTEXT_PACKAGE='lingua-franca'
GMOFILES=''
GMSGFMT='/usr/bin/msgfmt'
INSTALL_DATA='${INSTALL} -m 644'
INSTALL_PROGRAM='${INSTALL}'
INSTALL_SCRIPT='${INSTALL}'
INSTALL_STRIP_PROGRAM='${SHELL} $(install_sh) -c -s'
INSTOBJEXT='.mo'
INTLLIBS=''
LDFLAGS=''
LIBOBJS=''
LIBS=''
LTLIBOBJS=''
MAINT='#'
MAINTAINER_MODE_FALSE=''
MAINTAINER_MODE_TRUE='#'
MAKEINFO='${SHELL} /home/sashank/workplace/lingua-franca/missing --run makeinfo'
MKINSTALLDIRS='./mkinstalldirs'
MSGFMT='/usr/bin/msgfmt'
OBJEXT='o'
PACKAGE='lingua-franca'
PACKAGE_BUGREPORT=''
PACKAGE_CFLAGS='-I/usr/include/gtk-2.0 -I/usr/lib/gtk-2.0/include -I/usr/include/atk-1.0 -I/usr/include/cairo -I/usr/include/pango-1.0 -I/usr/include/glib-2.0 -I/usr/lib/glib-2.0/include -I/usr/include/freetype2 -I/usr/include/libpng12  '
PACKAGE_LIBS='-L/lib -lgtk-x11-2.0 -lgdk-x11-2.0 -latk-1.0 -lgdk_pixbuf-2.0 -lm -lpangocairo-1.0 -lpango-1.0 -lcairo -lgobject-2.0 -lgmodule-2.0 -ldl -lglib-2.0  '
PACKAGE_NAME=''
PACKAGE_STRING=''
PACKAGE_TARNAME=''
PACKAGE_VERSION=''
PATH_SEPARATOR=':'
PKG_CONFIG='/usr/bin/pkg-config'
POFILES=''
POSUB='po'
PO_IN_DATADIR_FALSE=''
PO_IN_DATADIR_TRUE=''
SET_MAKE=''
SHELL='/bin/sh'
STRIP=''
USE_NLS='yes'
VERSION='0.1'
XGETTEXT='/usr/bin/xgettext'
ac_ct_CC='gcc'
ac_ct_STRIP=''
ac_pt_PKG_CONFIG='/usr/bin/pkg-config'
am__fastdepCC_FALSE='#'
am__fastdepCC_TRUE=''
am__include='include'
am__leading_dot='.'
am__quote=''
am__tar='${AMTAR} chof - "$$tardir"'
am__untar='${AMTAR} xf -'
bindir='${exec_prefix}/bin'
build_alias=''
datadir='${prefix}/share'
exec_prefix='${prefix}'
host_alias=''
includedir='${prefix}/include'
infodir='${prefix}/info'
install_sh='/home/sashank/workplace/lingua-franca/install-sh'
libdir='${exec_prefix}/lib'
libexecdir='${exec_prefix}/libexec'
localstatedir='${prefix}/var'
mandir='${prefix}/man'
mkdir_p='mkdir -p --'
oldincludedir='/usr/include'
prefix='/usr/local'
program_transform_name='s,x,x,'
sbindir='${exec_prefix}/sbin'
sharedstatedir='${prefix}/com'
sysconfdir='${prefix}/etc'
target_alias=''

## ----------- ##
## confdefs.h. ##
## ----------- ##

#define ENABLE_NLS 1
#define GETTEXT_PACKAGE "lingua-franca"
#define HAVE_BIND_TEXTDOMAIN_CODESET 1
#define HAVE_DCGETTEXT 1
#define HAVE_GETTEXT 1
#define HAVE_INTTYPES_H 1
#define HAVE_LC_MESSAGES 1
#define HAVE_LOCALE_H 1
#define HAVE_MEMORY_H 1
#define HAVE_STDINT_H 1
#define HAVE_STDLIB_H 1
#define HAVE_STRINGS_H 1
#define HAVE_STRING_H 1
#define HAVE_SYS_STAT_H 1
#define HAVE_SYS_TYPES_H 1
#define HAVE_UNISTD_H 1
#define PACKAGE "lingua-franca"
#define PACKAGE_BUGREPORT ""
#define PACKAGE_NAME ""
#define PACKAGE_STRING ""
#define PACKAGE_TARNAME ""
#define PACKAGE_VERSION ""
#define STDC_HEADERS 1
#define VERSION "0.1"

configure: exit 0

## ---------------------- ##
## Running config.status. ##
## ---------------------- ##

This file was extended by config.status, which was
generated by GNU Autoconf 2.59.  Invocation command line was

  CONFIG_FILES    = po/Makefile.in
  CONFIG_HEADERS  = 
  CONFIG_LINKS    = 
  CONFIG_COMMANDS = 
  $ ./config.status 

on localhost.localdomain

config.status:716: creating po/Makefile.in
config.status:1120: executing depfiles commands
config.status:1120: executing default-1 commands

## ---------------------- ##
## Running config.status. ##
## ---------------------- ##

This file was extended by config.status, which was
generated by GNU Autoconf 2.59.  Invocation command line was

  CONFIG_FILES    = 
  CONFIG_HEADERS  = 
  CONFIG_LINKS    = 
  CONFIG_COMMANDS = 
  $ ./config.status src/core/Makefile depfiles

on localhost.localdomain

config.status:716: creating src/core/Makefile
config.status:1120: executing depfiles commands
